<?xml version="1.0" encoding="UTF-8"?>
<testng-results ignored="0" total="3" passed="3" failed="0" skipped="0">
  <reporter-output>
  </reporter-output>
  <suite started-at="2022-07-14T23:30:23 IST" name="Default suite" finished-at="2022-07-14T23:31:13 IST" duration-ms="50146">
    <groups>
    </groups>
    <test started-at="2022-07-14T23:30:23 IST" name="Default test" finished-at="2022-07-14T23:31:13 IST" duration-ms="50146">
      <class name="Test.SeleniumExitTestAssignmentMaven.SearchTest">
        <test-method is-config="true" signature="setExtent()[pri:0, instance:Test.SeleniumExitTestAssignmentMaven.SearchTest@5b057c8c]" started-at="2022-07-14T23:30:22 IST" name="setExtent" finished-at="2022-07-14T23:30:23 IST" duration-ms="72" status="PASS">
          <reporter-output>
          </reporter-output>
        </test-method> <!-- setExtent -->
        <test-method is-config="true" signature="intializeDriver()[pri:0, instance:Test.SeleniumExitTestAssignmentMaven.SearchTest@5b057c8c]" started-at="2022-07-14T23:30:23 IST" name="intializeDriver" finished-at="2022-07-14T23:30:24 IST" duration-ms="1580" status="PASS">
          <reporter-output>
          </reporter-output>
        </test-method> <!-- intializeDriver -->
        <test-method is-config="true" signature="openUrl()[pri:0, instance:Test.SeleniumExitTestAssignmentMaven.SearchTest@5b057c8c]" started-at="2022-07-14T23:30:24 IST" name="openUrl" finished-at="2022-07-14T23:30:29 IST" duration-ms="4366" status="PASS">
          <reporter-output>
          </reporter-output>
        </test-method> <!-- openUrl -->
        <test-method is-config="true" signature="startTest(java.lang.reflect.Method)[pri:0, instance:Test.SeleniumExitTestAssignmentMaven.SearchTest@5b057c8c]" started-at="2022-07-14T23:30:29 IST" name="startTest" finished-at="2022-07-14T23:30:29 IST" duration-ms="7" status="PASS">
          <params>
            <param index="0">
              <value>
                <![CDATA[public void Test.SeleniumExitTestAssignmentMaven.SearchTest.validSearch(java.lang.String) throws java.lang.InterruptedException]]>
              </value>
            </param>
          </params>
          <reporter-output>
          </reporter-output>
        </test-method> <!-- startTest -->
        <test-method signature="validSearch(java.lang.String)[pri:10, instance:Test.SeleniumExitTestAssignmentMaven.SearchTest@5b057c8c]" started-at="2022-07-14T23:30:29 IST" name="validSearch" data-provider="test2data" finished-at="2022-07-14T23:30:34 IST" duration-ms="5379" status="PASS">
          <params>
            <param index="0">
              <value>
                <![CDATA[watches]]>
              </value>
            </param>
          </params>
          <reporter-output>
          </reporter-output>
        </test-method> <!-- validSearch -->
        <test-method is-config="true" signature="resultTest(org.testng.ITestResult)[pri:0, instance:Test.SeleniumExitTestAssignmentMaven.SearchTest@5b057c8c]" started-at="2022-07-14T23:30:34 IST" name="resultTest" finished-at="2022-07-14T23:30:34 IST" duration-ms="4" status="PASS">
          <params>
            <param index="0">
              <value>
                <![CDATA[[TestResult name=validSearch status=SUCCESS method=SearchTest.validSearch(java.lang.String)[pri:10, instance:Test.SeleniumExitTestAssignmentMaven.SearchTest@5b057c8c] output={null}]]]>
              </value>
            </param>
          </params>
          <reporter-output>
          </reporter-output>
        </test-method> <!-- resultTest -->
        <test-method is-config="true" signature="testclose()[pri:0, instance:Test.SeleniumExitTestAssignmentMaven.SearchTest@5b057c8c]" started-at="2022-07-14T23:30:34 IST" name="testclose" finished-at="2022-07-14T23:30:38 IST" duration-ms="4163" status="PASS">
          <reporter-output>
          </reporter-output>
        </test-method> <!-- testclose -->
        <test-method is-config="true" signature="intializeDriver()[pri:0, instance:Test.SeleniumExitTestAssignmentMaven.SearchTest@5b057c8c]" started-at="2022-07-14T23:30:38 IST" name="intializeDriver" finished-at="2022-07-14T23:30:40 IST" duration-ms="1237" status="PASS">
          <reporter-output>
          </reporter-output>
        </test-method> <!-- intializeDriver -->
        <test-method is-config="true" signature="openUrl()[pri:0, instance:Test.SeleniumExitTestAssignmentMaven.SearchTest@5b057c8c]" started-at="2022-07-14T23:30:40 IST" name="openUrl" finished-at="2022-07-14T23:30:44 IST" duration-ms="3937" status="PASS">
          <reporter-output>
          </reporter-output>
        </test-method> <!-- openUrl -->
        <test-method is-config="true" signature="startTest(java.lang.reflect.Method)[pri:0, instance:Test.SeleniumExitTestAssignmentMaven.SearchTest@5b057c8c]" started-at="2022-07-14T23:30:44 IST" name="startTest" finished-at="2022-07-14T23:30:44 IST" duration-ms="1" status="PASS">
          <params>
            <param index="0">
              <value>
                <![CDATA[public void Test.SeleniumExitTestAssignmentMaven.SearchTest.validSearch(java.lang.String) throws java.lang.InterruptedException]]>
              </value>
            </param>
          </params>
          <reporter-output>
          </reporter-output>
        </test-method> <!-- startTest -->
        <test-method signature="validSearch(java.lang.String)[pri:10, instance:Test.SeleniumExitTestAssignmentMaven.SearchTest@5b057c8c]" started-at="2022-07-14T23:30:44 IST" name="validSearch" data-provider="test2data" finished-at="2022-07-14T23:30:49 IST" duration-ms="5331" status="PASS">
          <params>
            <param index="0">
              <value>
                <![CDATA[furniture]]>
              </value>
            </param>
          </params>
          <reporter-output>
          </reporter-output>
        </test-method> <!-- validSearch -->
        <test-method is-config="true" signature="resultTest(org.testng.ITestResult)[pri:0, instance:Test.SeleniumExitTestAssignmentMaven.SearchTest@5b057c8c]" started-at="2022-07-14T23:30:49 IST" name="resultTest" finished-at="2022-07-14T23:30:49 IST" duration-ms="0" status="PASS">
          <params>
            <param index="0">
              <value>
                <![CDATA[[TestResult name=validSearch status=SUCCESS method=SearchTest.validSearch(java.lang.String)[pri:10, instance:Test.SeleniumExitTestAssignmentMaven.SearchTest@5b057c8c] output={null}]]]>
              </value>
            </param>
          </params>
          <reporter-output>
          </reporter-output>
        </test-method> <!-- resultTest -->
        <test-method is-config="true" signature="testclose()[pri:0, instance:Test.SeleniumExitTestAssignmentMaven.SearchTest@5b057c8c]" started-at="2022-07-14T23:30:49 IST" name="testclose" finished-at="2022-07-14T23:30:53 IST" duration-ms="4171" status="PASS">
          <reporter-output>
          </reporter-output>
        </test-method> <!-- testclose -->
        <test-method is-config="true" signature="intializeDriver()[pri:0, instance:Test.SeleniumExitTestAssignmentMaven.SearchTest@5b057c8c]" started-at="2022-07-14T23:30:53 IST" name="intializeDriver" finished-at="2022-07-14T23:30:54 IST" duration-ms="1257" status="PASS">
          <reporter-output>
          </reporter-output>
        </test-method> <!-- intializeDriver -->
        <test-method is-config="true" signature="openUrl()[pri:0, instance:Test.SeleniumExitTestAssignmentMaven.SearchTest@5b057c8c]" started-at="2022-07-14T23:30:54 IST" name="openUrl" finished-at="2022-07-14T23:31:03 IST" duration-ms="8832" status="PASS">
          <reporter-output>
          </reporter-output>
        </test-method> <!-- openUrl -->
        <test-method is-config="true" signature="startTest(java.lang.reflect.Method)[pri:0, instance:Test.SeleniumExitTestAssignmentMaven.SearchTest@5b057c8c]" started-at="2022-07-14T23:31:03 IST" name="startTest" finished-at="2022-07-14T23:31:03 IST" duration-ms="1" status="PASS">
          <params>
            <param index="0">
              <value>
                <![CDATA[public void Test.SeleniumExitTestAssignmentMaven.SearchTest.validSearch(java.lang.String) throws java.lang.InterruptedException]]>
              </value>
            </param>
          </params>
          <reporter-output>
          </reporter-output>
        </test-method> <!-- startTest -->
        <test-method signature="validSearch(java.lang.String)[pri:10, instance:Test.SeleniumExitTestAssignmentMaven.SearchTest@5b057c8c]" started-at="2022-07-14T23:31:03 IST" name="validSearch" data-provider="test2data" finished-at="2022-07-14T23:31:08 IST" duration-ms="5327" status="PASS">
          <params>
            <param index="0">
              <value>
                <![CDATA[perfume]]>
              </value>
            </param>
          </params>
          <reporter-output>
          </reporter-output>
        </test-method> <!-- validSearch -->
        <test-method is-config="true" signature="resultTest(org.testng.ITestResult)[pri:0, instance:Test.SeleniumExitTestAssignmentMaven.SearchTest@5b057c8c]" started-at="2022-07-14T23:31:08 IST" name="resultTest" finished-at="2022-07-14T23:31:08 IST" duration-ms="0" status="PASS">
          <params>
            <param index="0">
              <value>
                <![CDATA[[TestResult name=validSearch status=SUCCESS method=SearchTest.validSearch(java.lang.String)[pri:10, instance:Test.SeleniumExitTestAssignmentMaven.SearchTest@5b057c8c] output={null}]]]>
              </value>
            </param>
          </params>
          <reporter-output>
          </reporter-output>
        </test-method> <!-- resultTest -->
        <test-method is-config="true" signature="testclose()[pri:0, instance:Test.SeleniumExitTestAssignmentMaven.SearchTest@5b057c8c]" started-at="2022-07-14T23:31:08 IST" name="testclose" finished-at="2022-07-14T23:31:13 IST" duration-ms="4162" status="PASS">
          <reporter-output>
          </reporter-output>
        </test-method> <!-- testclose -->
        <test-method is-config="true" signature="endReport()[pri:0, instance:Test.SeleniumExitTestAssignmentMaven.SearchTest@5b057c8c]" started-at="2022-07-14T23:31:13 IST" name="endReport" finished-at="2022-07-14T23:31:13 IST" duration-ms="137" status="PASS">
          <reporter-output>
          </reporter-output>
        </test-method> <!-- endReport -->
      </class> <!-- Test.SeleniumExitTestAssignmentMaven.SearchTest -->
    </test> <!-- Default test -->
  </suite> <!-- Default suite -->
</testng-results>
