<?xml version="1.0" encoding="UTF-8"?>
<!-- Generated by org.testng.reporters.JUnitXMLReporter -->
<testsuite ignored="0" hostname="IN-J4QJ1J3" failures="0" tests="3" name="Default test" time="58.748" errors="0" timestamp="2022-07-14T15:02:00 IST">
  <testcase classname="Test.SeleniumExitTestAssignmentMaven.SearchTest" name="validSearch" time="5.293"/>
  <testcase classname="Test.SeleniumExitTestAssignmentMaven.SearchTest" name="validSearch" time="5.314"/>
  <testcase classname="Test.SeleniumExitTestAssignmentMaven.SearchTest" name="validSearch" time="5.337"/>
</testsuite> <!-- Default test -->
