<?xml version="1.0" encoding="UTF-8"?>
<!-- Generated by org.testng.reporters.JUnitXMLReporter -->
<testsuite ignored="0" hostname="IN-J4QJ1J3" failures="0" tests="3" name="Default test" time="50.146" errors="0" timestamp="2022-07-14T23:31:13 IST">
  <testcase classname="Test.SeleniumExitTestAssignmentMaven.SearchTest" name="validSearch" time="5.379"/>
  <testcase classname="Test.SeleniumExitTestAssignmentMaven.SearchTest" name="validSearch" time="5.331"/>
  <testcase classname="Test.SeleniumExitTestAssignmentMaven.SearchTest" name="validSearch" time="5.327"/>
</testsuite> <!-- Default test -->
